VirtualBox XPCOM Server 5.1.6_Debian r110634 linux.amd64 (Sep 14 2016 06:43:10) release log
00:00:00.000603 main     Log opened 2016-10-26T14:59:26.167768000Z
00:00:00.000605 main     Build Type: release
00:00:00.000609 main     OS Product: Linux
00:00:00.000610 main     OS Release: 4.6.0-kali1-amd64
00:00:00.000611 main     OS Version: #1 SMP Debian 4.6.4-1kali1 (2016-07-21)
00:00:00.000636 main     DMI Product Name:         
00:00:00.000644 main     DMI Product Version:         
00:00:00.000684 main     Host RAM: 3946MB total, 1683MB available
00:00:00.000687 main     Executable: /usr/lib/virtualbox/VBoxSVC
00:00:00.000688 main     Process ID: 6622
00:00:00.000688 main     Package type: LINUX_64BITS_GENERIC (OSE)
00:00:00.002001 main     IPC socket path: /tmp/.vbox-root-ipc/ipcd
00:00:00.105596 nspr-2   VirtualBox: object creation starts
00:00:00.105768 nspr-2   Home directory: '/root/.config/VirtualBox'
00:00:00.107044 nspr-2   Successfully initialised host USB using sysfs
00:00:00.119259 nspr-2   NAT: resolv.conf: nameserver 192.168.0.250
00:00:00.119287 nspr-2   NAT: resolv.conf: nameserver 192.168.0.251
00:00:00.119308 nspr-2   HostDnsMonitor: old information
00:00:00.119312 nspr-2     no server entries
00:00:00.119315 nspr-2     no domain set
00:00:00.119317 nspr-2     no search string entries
00:00:00.119319 nspr-2   HostDnsMonitor: new information
00:00:00.119322 nspr-2     server 1: 192.168.0.250
00:00:00.119325 nspr-2     server 2: 192.168.0.251
00:00:00.119327 nspr-2     domain: comp-warehouse.com
00:00:00.119330 nspr-2     search string 1: comp-warehouse.com
00:00:00.119337 nspr-2   HostDnsMonitorProxy::notify
00:00:00.122686 nspr-2   VD: VDInit finished
00:00:00.124703 nspr-2   VirtualBox: object created
00:00:00.127478 nspr-2   ERROR [COM]: aRC=VBOX_E_OBJECT_NOT_FOUND (0x80bb0001) aIID={0169423f-46b4-cde9-91af-1e9d5b6cd945} aComponent={VirtualBoxWrap} aText={Could not find a registered machine named 'MultiSystem-Test-liveCD'}, preserve=false aResultDetail=0
00:00:00.202227 nspr-2   ERROR [COM]: aRC=VBOX_E_OBJECT_NOT_FOUND (0x80bb0001) aIID={0169423f-46b4-cde9-91af-1e9d5b6cd945} aComponent={VirtualBoxWrap} aText={Could not find a registered machine named 'MultiSystem-Test-liveCD'}, preserve=false aResultDetail=0
00:00:00.251972 nspr-2   ERROR [COM]: aRC=VBOX_E_OBJECT_NOT_FOUND (0x80bb0001) aIID={0169423f-46b4-cde9-91af-1e9d5b6cd945} aComponent={VirtualBoxWrap} aText={Could not find a registered machine named 'MultiSystem-Test-liveCD'}, preserve=false aResultDetail=0
00:00:00.305105 nspr-2   ERROR [COM]: aRC=VBOX_E_OBJECT_NOT_FOUND (0x80bb0001) aIID={0169423f-46b4-cde9-91af-1e9d5b6cd945} aComponent={VirtualBoxWrap} aText={Could not find a registered machine named 'MultiSystem-Test-liveCD'}, preserve=false aResultDetail=0
00:00:00.725454 nspr-3   ERROR [COM]: aRC=VBOX_E_OBJECT_NOT_FOUND (0x80bb0001) aIID={b2547866-a0a1-4391-8b86-6952d82efaa0} aComponent={SessionMachine} aText={No storage device attached to device slot 0 on port 0 of controller 'IDE Controller'}, preserve=false aResultDetail=0
00:00:00.758523 nspr-3   ERROR [COM]: aRC=VBOX_E_OBJECT_NOT_FOUND (0x80bb0001) aIID={b2547866-a0a1-4391-8b86-6952d82efaa0} aComponent={SessionMachine} aText={No storage device attached to device slot 0 on port 0 of controller 'IDE Controller'}, preserve=false aResultDetail=0
00:00:00.904881 nspr-2   ERROR [COM]: aRC=VBOX_E_OBJECT_NOT_FOUND (0x80bb0001) aIID={b2547866-a0a1-4391-8b86-6952d82efaa0} aComponent={SessionMachine} aText={No drive attached to device slot 0 on port 1 of controller 'IDE Controller'}, preserve=false aResultDetail=0
00:00:01.031360 nspr-3   ERROR [COM]: aRC=VBOX_E_IPRT_ERROR (0x80bb0005) aIID={b2547866-a0a1-4391-8b86-6952d82efaa0} aComponent={MachineWrap} aText={Could not launch a process for the machine 'MultiSystem-Test-liveCD' (VERR_FILE_NOT_FOUND)}, preserve=false aResultDetail=0
00:00:06.033061 main     VirtualBox: object deletion starts
00:00:06.484181 Watcher  ERROR [COM]: aRC=E_ACCESSDENIED (0x80070005) aIID={0169423f-46b4-cde9-91af-1e9d5b6cd945} aComponent={VirtualBoxWrap} aText={The object is not ready}, preserve=false aResultDetail=0
00:00:11.033984 main     {00007f92c40134b0} HostPowerServiceLinux::~HostPowerServiceLinux: RTThreadWait() for 5000 ms failed with VERR_TIMEOUT
00:00:11.034297 main     VirtualBox: object deleted
